#-----------------------------------------------------------
# Vivado v2019.2.1 (64-bit)
# SW Build 2729669 on Thu Dec  5 04:49:17 MST 2019
# IP Build 2729494 on Thu Dec  5 07:38:25 MST 2019
# Start of session at: Fri Jul 17 18:00:38 2020
# Process ID: 13176
# Current directory: C:/Users/James Xia/Desktop/Ve270/Lab/Lab4/Lab4
# Command line: vivado.exe -gui_launcher_event rodinguilauncherevent19276 C:\Users\James Xia\Desktop\Ve270\Lab\Lab4\Lab4\Lab4.xpr
# Log file: C:/Users/James Xia/Desktop/Ve270/Lab/Lab4/Lab4/vivado.log
# Journal file: C:/Users/James Xia/Desktop/Ve270/Lab/Lab4/Lab4\vivado.jou
#-----------------------------------------------------------
start_gui
open_project {C:/Users/James Xia/Desktop/Ve270/Lab/Lab4/Lab4/Lab4.xpr}
INFO: [Project 1-313] Project file moved from 'C:/Users/James Xia/Desktop/Lab4/Lab4' since last save.
Scanning sources...
Finished scanning sources
INFO: [IP_Flow 19-234] Refreshing IP repositories
INFO: [IP_Flow 19-1704] No user IP repositories specified
INFO: [IP_Flow 19-2313] Loaded Vivado IP repository 'D:/Vivado/Vivado/2019.2/data/ip'.
open_project: Time (s): cpu = 00:00:20 ; elapsed = 00:00:08 . Memory (MB): peak = 804.051 ; gain = 139.051
update_compile_order -fileset sources_1
exit
INFO: [Common 17-206] Exiting Vivado at Fri Jul 17 18:06:07 2020...
