#-----------------------------------------------------------
# Vivado v2019.2.1 (64-bit)
# SW Build 2729669 on Thu Dec  5 04:49:17 MST 2019
# IP Build 2729494 on Thu Dec  5 07:38:25 MST 2019
# Start of session at: Thu Jun 18 12:54:59 2020
# Process ID: 2400
# Current directory: C:/Users/James Xia/Desktop/Lab4/Lab4
# Command line: vivado.exe -gui_launcher_event rodinguilauncherevent6644 C:\Users\James Xia\Desktop\Lab4\Lab4\Lab4.xpr
# Log file: C:/Users/James Xia/Desktop/Lab4/Lab4/vivado.log
# Journal file: C:/Users/James Xia/Desktop/Lab4/Lab4\vivado.jou
#-----------------------------------------------------------
start_gui
open_project {C:/Users/James Xia/Desktop/Lab4/Lab4/Lab4.xpr}
Scanning sources...
Finished scanning sources
INFO: [IP_Flow 19-234] Refreshing IP repositories
INFO: [IP_Flow 19-1704] No user IP repositories specified
INFO: [IP_Flow 19-2313] Loaded Vivado IP repository 'D:/Vivado/Vivado/2019.2/data/ip'.
open_project: Time (s): cpu = 00:00:12 ; elapsed = 00:00:13 . Memory (MB): peak = 741.793 ; gain = 114.801
update_compile_order -fileset sources_1
launch_simulation
Command: launch_simulation 
INFO: [Vivado 12-5682] Launching behavioral simulation in 'C:/Users/James Xia/Desktop/Lab4/Lab4/Lab4.sim/sim_1/behav/xsim'
INFO: [SIM-utils-51] Simulation object is 'sim_1'
INFO: [SIM-utils-54] Inspecting design source files for 'simu' in fileset 'sim_1'...
INFO: [USF-XSim-97] Finding global include files...
INFO: [USF-XSim-98] Fetching design files from 'sim_1'...
INFO: [USF-XSim-2] XSim::Compile design
INFO: [USF-XSim-61] Executing 'COMPILE and ANALYZE' step in 'C:/Users/James Xia/Desktop/Lab4/Lab4/Lab4.sim/sim_1/behav/xsim'
"xvlog --incr --relax -prj simu_vlog.prj"
INFO: [VRFC 10-2263] Analyzing Verilog file "C:/Users/James Xia/Desktop/Lab4/Lab4/Lab4.srcs/sources_1/new/Counter.v" into library xil_defaultlib
INFO: [VRFC 10-311] analyzing module Counter
INFO: [VRFC 10-2263] Analyzing Verilog file "C:/Users/James Xia/Desktop/Lab4/Lab4/Lab4.srcs/sim_1/new/simu.v" into library xil_defaultlib
INFO: [VRFC 10-311] analyzing module simu
INFO: [USF-XSim-69] 'compile' step finished in '3' seconds
INFO: [USF-XSim-3] XSim::Elaborate design
INFO: [USF-XSim-61] Executing 'ELABORATE' step in 'C:/Users/James Xia/Desktop/Lab4/Lab4/Lab4.sim/sim_1/behav/xsim'
"xelab -wto 31e9d2eaf6be4fb6b2862cd0e39b3268 --incr --debug typical --relax --mt 2 -L xil_defaultlib -L unisims_ver -L unimacro_ver -L secureip --snapshot simu_behav xil_defaultlib.simu xil_defaultlib.glbl -log elaborate.log"
Vivado Simulator 2019.2
Copyright 1986-1999, 2001-2019 Xilinx, Inc. All Rights Reserved.
Running: D:/Vivado/Vivado/2019.2/bin/unwrapped/win64.o/xelab.exe -wto 31e9d2eaf6be4fb6b2862cd0e39b3268 --incr --debug typical --relax --mt 2 -L xil_defaultlib -L unisims_ver -L unimacro_ver -L secureip --snapshot simu_behav xil_defaultlib.simu xil_defaultlib.glbl -log elaborate.log 
Using 2 slave threads.
Starting static elaboration
Pass Through NonSizing Optimizer
Completed static elaboration
Starting simulation data flow analysis
Completed simulation data flow analysis
Time Resolution for simulation is 1ps
Compiling module xil_defaultlib.Counter
Compiling module xil_defaultlib.simu
Compiling module xil_defaultlib.glbl
Built simulation snapshot simu_behav
run_program: Time (s): cpu = 00:00:00 ; elapsed = 00:00:05 . Memory (MB): peak = 761.496 ; gain = 0.000
INFO: [USF-XSim-69] 'elaborate' step finished in '5' seconds
INFO: [USF-XSim-4] XSim::Simulate design
INFO: [USF-XSim-61] Executing 'SIMULATE' step in 'C:/Users/James Xia/Desktop/Lab4/Lab4/Lab4.sim/sim_1/behav/xsim'
INFO: [USF-XSim-98] *** Running xsim
   with args "simu_behav -key {Behavioral:sim_1:Functional:simu} -tclbatch {simu.tcl} -log {simulate.log}"
INFO: [USF-XSim-8] Loading simulator feature
Vivado Simulator 2019.2
Time resolution is 1 ps
source simu.tcl
# set curr_wave [current_wave_config]
# if { [string length $curr_wave] == 0 } {
#   if { [llength [get_objects]] > 0} {
#     add_wave /
#     set_property needs_save false [current_wave_config]
#   } else {
#      send_msg_id Add_Wave-1 WARNING "No top level signals found. Simulator will start without a wave window. If you want to open a wave window go to 'File->New Waveform Configuration' or type 'create_wave_config' in the TCL console."
#   }
# }
# run 1000ns
INFO: [USF-XSim-96] XSim completed. Design snapshot 'simu_behav' loaded.
INFO: [USF-XSim-97] XSim simulation ran for 1000ns
launch_simulation: Time (s): cpu = 00:00:07 ; elapsed = 00:00:14 . Memory (MB): peak = 769.746 ; gain = 8.250
close_sim
INFO: [Simtcl 6-16] Simulation closed
exit
INFO: [Common 17-206] Exiting Vivado at Thu Jun 18 21:10:25 2020...
