Copyright 1986-2019 Xilinx, Inc. All Rights Reserved.
--------------------------------------------------------------------------------------
| Tool Version : Vivado v.2019.2.1 (win64) Build 2729669 Thu Dec  5 04:49:17 MST 2019
| Date         : Fri Jul 17 18:15:24 2020
| Host         : LAPTOP-D6I8F5RI running 64-bit major release  (build 9200)
| Command      : report_control_sets -verbose -file lab6_control_sets_placed.rpt
| Design       : lab6
| Device       : xc7a35t
--------------------------------------------------------------------------------------

Control Set Information

Table of Contents
-----------------
1. Summary
2. Histogram
3. Flip-Flop Distribution
4. Detailed Control Set Information

1. Summary
----------

+----------------------------------------------------------+-------+
|                          Status                          | Count |
+----------------------------------------------------------+-------+
| Total control sets                                       |     5 |
|    Minimum number of control sets                        |     5 |
|    Addition due to synthesis replication                 |     0 |
|    Addition due to physical synthesis replication        |     0 |
| Unused register locations in slices containing registers |    18 |
+----------------------------------------------------------+-------+
* Control sets can be merged at opt_design using control_set_merge or merge_equivalent_drivers
** Run report_qor_suggestions for automated merging and remapping suggestions


2. Histogram
------------

+--------------------+-------+
|       Fanout       | Count |
+--------------------+-------+
| Total control sets |     5 |
| >= 0 to < 4        |     0 |
| >= 4 to < 6        |     3 |
| >= 6 to < 8        |     0 |
| >= 8 to < 10       |     1 |
| >= 10 to < 12      |     0 |
| >= 12 to < 14      |     0 |
| >= 14 to < 16      |     0 |
| >= 16              |     1 |
+--------------------+-------+
* Control sets can be remapped at either synth_design or opt_design


3. Flip-Flop Distribution
-------------------------

+--------------+-----------------------+------------------------+-----------------+--------------+
| Clock Enable | Synchronous Set/Reset | Asynchronous Set/Reset | Total Registers | Total Slices |
+--------------+-----------------------+------------------------+-----------------+--------------+
| No           | No                    | No                     |              42 |           12 |
| No           | No                    | Yes                    |               4 |            1 |
| No           | Yes                   | No                     |               0 |            0 |
| Yes          | No                    | No                     |               4 |            2 |
| Yes          | No                    | Yes                    |              12 |            4 |
| Yes          | Yes                   | No                     |               0 |            0 |
+--------------+-----------------------+------------------------+-----------------+--------------+


4. Detailed Control Set Information
-----------------------------------

+------------------+---------------------+------------------+------------------+----------------+
|   Clock Signal   |    Enable Signal    | Set/Reset Signal | Slice Load Count | Bel Load Count |
+------------------+---------------------+------------------+------------------+----------------+
|  clk_reg_n_0     |                     | reset_IBUF       |                1 |              4 |
|  clk_reg_n_0     | col[3]_i_1_n_0      | reset_IBUF       |                1 |              4 |
|  clk_reg_n_0     | code[3]_i_1_n_0     |                  |                2 |              4 |
|  clk_reg_n_0     | reg_code[3]_i_1_n_0 | reset_IBUF       |                3 |              8 |
|  clock_IBUF_BUFG |                     |                  |               12 |             42 |
+------------------+---------------------+------------------+------------------+----------------+


