#-----------------------------------------------------------
# Vivado v2019.2.1 (64-bit)
# SW Build 2729669 on Thu Dec  5 04:49:17 MST 2019
# IP Build 2729494 on Thu Dec  5 07:38:25 MST 2019
# Start of session at: Thu Jul  2 13:26:18 2020
# Process ID: 20992
# Current directory: C:/Users/James Xia/Desktop/Ve270/Lab5/Lab5
# Command line: vivado.exe -gui_launcher_event rodinguilauncherevent7732 C:\Users\James Xia\Desktop\Ve270\Lab5\Lab5\Lab5.xpr
# Log file: C:/Users/James Xia/Desktop/Ve270/Lab5/Lab5/vivado.log
# Journal file: C:/Users/James Xia/Desktop/Ve270/Lab5/Lab5\vivado.jou
#-----------------------------------------------------------
start_gui
open_project {C:/Users/James Xia/Desktop/Ve270/Lab5/Lab5/Lab5.xpr}
INFO: [Project 1-313] Project file moved from 'C:/Users/James Xia/Desktop/Lab5/Lab5' since last save.
Scanning sources...
Finished scanning sources
INFO: [IP_Flow 19-234] Refreshing IP repositories
INFO: [IP_Flow 19-1704] No user IP repositories specified
INFO: [IP_Flow 19-2313] Loaded Vivado IP repository 'D:/Vivado/Vivado/2019.2/data/ip'.
open_project: Time (s): cpu = 00:00:18 ; elapsed = 00:00:12 . Memory (MB): peak = 774.398 ; gain = 121.941
update_compile_order -fileset sources_1
exit
INFO: [Common 17-206] Exiting Vivado at Thu Jul  2 13:44:07 2020...
