#-----------------------------------------------------------
# Vivado v2019.2.1 (64-bit)
# SW Build 2729669 on Thu Dec  5 04:49:17 MST 2019
# IP Build 2729494 on Thu Dec  5 07:38:25 MST 2019
# Start of session at: Fri Jul 17 17:59:38 2020
# Process ID: 15736
# Current directory: C:/Users/James Xia/Desktop/Ve270/Lab5/Lab5
# Command line: vivado.exe -gui_launcher_event rodinguilauncherevent7256 C:\Users\James Xia\Desktop\Ve270\Lab5\Lab5\Lab5.xpr
# Log file: C:/Users/James Xia/Desktop/Ve270/Lab5/Lab5/vivado.log
# Journal file: C:/Users/James Xia/Desktop/Ve270/Lab5/Lab5\vivado.jou
#-----------------------------------------------------------
start_gui
open_project {C:/Users/James Xia/Desktop/Ve270/Lab5/Lab5/Lab5.xpr}
Scanning sources...
Finished scanning sources
INFO: [IP_Flow 19-234] Refreshing IP repositories
INFO: [IP_Flow 19-1704] No user IP repositories specified
INFO: [IP_Flow 19-2313] Loaded Vivado IP repository 'D:/Vivado/Vivado/2019.2/data/ip'.
open_project: Time (s): cpu = 00:00:22 ; elapsed = 00:00:08 . Memory (MB): peak = 825.594 ; gain = 184.336
update_compile_order -fileset sources_1
exit
INFO: [Common 17-206] Exiting Vivado at Fri Jul 17 18:00:20 2020...
